2019-05-18 22:43:37,282 INFO 		--- SCRIPT EXECUTION STARTED ---
2019-05-18 22:43:37,283 INFO * Working directory: C:\Users\Alizamin\Github-Coding\Bank_Case
2019-05-18 22:43:37,285 INFO * Importing from File: TABELL_1.txt
2019-05-18 22:43:37,286 INFO * Database: import.sqlite3
2019-05-18 22:43:37,295 INFO Table import (re)created
2019-05-18 22:45:07,936 INFO Table import (re)created
2019-05-18 22:48:19,155 INFO 		--- SCRIPT EXECUTION STARTED ---
2019-05-18 22:48:19,155 INFO 		--- SCRIPT EXECUTION STARTED ---
2019-05-18 22:48:19,155 INFO * Working directory: C:\Users\Alizamin\Github-Coding\Bank_Case
2019-05-18 22:48:19,155 INFO * Working directory: C:\Users\Alizamin\Github-Coding\Bank_Case
2019-05-18 22:48:19,158 INFO * Importing from File: TABELL_1.txt
2019-05-18 22:48:19,158 INFO * Importing from File: TABELL_1.txt
2019-05-18 22:48:19,158 INFO * Database: import.sqlite3
2019-05-18 22:48:19,158 INFO * Database: import.sqlite3
2019-05-18 22:48:19,170 INFO Table import (re)created
2019-05-18 22:48:19,170 INFO Table import (re)created
2019-05-18 22:49:36,643 INFO 		--- SCRIPT EXECUTION STARTED ---
2019-05-18 22:49:36,643 INFO 		--- SCRIPT EXECUTION STARTED ---
2019-05-18 22:49:36,643 INFO 		--- SCRIPT EXECUTION STARTED ---
2019-05-18 22:49:36,643 INFO * Working directory: C:\Users\Alizamin\Github-Coding\Bank_Case
2019-05-18 22:49:36,643 INFO * Working directory: C:\Users\Alizamin\Github-Coding\Bank_Case
2019-05-18 22:49:36,643 INFO * Working directory: C:\Users\Alizamin\Github-Coding\Bank_Case
2019-05-18 22:49:36,644 INFO * Importing from File: TABELL_1.txt
2019-05-18 22:49:36,644 INFO * Importing from File: TABELL_1.txt
2019-05-18 22:49:36,644 INFO * Importing from File: TABELL_1.txt
2019-05-18 22:49:36,644 INFO * Database: import.sqlite3
2019-05-18 22:49:36,644 INFO * Database: import.sqlite3
2019-05-18 22:49:36,644 INFO * Database: import.sqlite3
2019-05-18 22:49:36,655 INFO Table import (re)created
2019-05-18 22:49:36,655 INFO Table import (re)created
2019-05-18 22:49:36,655 INFO Table import (re)created
